2021-05-14 21:13:36,079 INFO STARTED.
2021-05-14 21:13:37,495 INFO Downloading RGB image: Slide 1 of 151 (TCGA-A1-A0SK)
2021-05-14 21:14:24,837 INFO Downloading mask: Slide 1 of 151 (TCGA-A1-A0SK)
2021-05-14 21:14:27,993 INFO Downloading RGB image: Slide 2 of 151 (TCGA-A1-A0SP)
2021-05-14 21:14:53,469 INFO Downloading mask: Slide 2 of 151 (TCGA-A1-A0SP)
2021-05-14 21:14:56,519 INFO Downloading RGB image: Slide 3 of 151 (TCGA-A2-A04P)
2021-05-14 21:16:01,552 INFO Downloading mask: Slide 3 of 151 (TCGA-A2-A04P)
2021-05-14 21:16:04,581 INFO Downloading RGB image: Slide 4 of 151 (TCGA-A2-A04Q)
2021-05-14 21:16:27,565 INFO Downloading mask: Slide 4 of 151 (TCGA-A2-A04Q)
2021-05-14 21:16:29,587 INFO Downloading RGB image: Slide 5 of 151 (TCGA-A2-A04T)
2021-05-14 21:17:49,525 INFO Downloading mask: Slide 5 of 151 (TCGA-A2-A04T)
2021-05-14 21:17:52,533 INFO Downloading RGB image: Slide 6 of 151 (TCGA-A2-A0CM)
2021-05-14 21:18:11,038 INFO Downloading mask: Slide 6 of 151 (TCGA-A2-A0CM)
2021-05-14 21:18:13,994 INFO Downloading RGB image: Slide 7 of 151 (TCGA-A2-A0D0)
2021-05-14 21:21:06,927 INFO Downloading mask: Slide 7 of 151 (TCGA-A2-A0D0)
2021-05-14 21:21:12,436 INFO Downloading RGB image: Slide 8 of 151 (TCGA-A2-A0D2)
2021-05-14 21:22:00,044 INFO Downloading mask: Slide 8 of 151 (TCGA-A2-A0D2)
2021-05-14 21:22:02,168 INFO Downloading RGB image: Slide 9 of 151 (TCGA-A2-A0ST)
2021-05-14 21:23:15,127 INFO Downloading mask: Slide 9 of 151 (TCGA-A2-A0ST)
2021-05-14 21:23:18,937 INFO Downloading RGB image: Slide 10 of 151 (TCGA-A2-A0SX)
2021-05-14 21:23:32,451 INFO Downloading mask: Slide 10 of 151 (TCGA-A2-A0SX)
2021-05-14 21:23:34,964 INFO Downloading RGB image: Slide 11 of 151 (TCGA-A2-A0T0)
2021-05-14 21:24:35,154 INFO Downloading mask: Slide 11 of 151 (TCGA-A2-A0T0)
2021-05-14 21:24:37,391 INFO Downloading RGB image: Slide 12 of 151 (TCGA-A2-A0T2)
2021-05-14 21:25:17,906 INFO Downloading mask: Slide 12 of 151 (TCGA-A2-A0T2)
2021-05-14 21:25:22,565 INFO Downloading RGB image: Slide 13 of 151 (TCGA-A2-A0YE)
2021-05-14 21:25:42,091 INFO Downloading mask: Slide 13 of 151 (TCGA-A2-A0YE)
2021-05-14 21:25:45,419 INFO Downloading RGB image: Slide 14 of 151 (TCGA-A2-A0YM)
2021-05-14 21:26:40,466 INFO Downloading mask: Slide 14 of 151 (TCGA-A2-A0YM)
2021-05-14 21:26:47,361 INFO Downloading RGB image: Slide 15 of 151 (TCGA-A2-A1G6)
2021-05-14 21:26:53,997 INFO Downloading mask: Slide 15 of 151 (TCGA-A2-A1G6)
2021-05-14 21:26:56,594 INFO Downloading RGB image: Slide 16 of 151 (TCGA-A2-A3XS)
2021-05-14 21:27:32,967 INFO Downloading mask: Slide 16 of 151 (TCGA-A2-A3XS)
2021-05-14 21:27:37,312 INFO Downloading RGB image: Slide 17 of 151 (TCGA-A2-A3XT)
2021-05-14 21:27:56,194 INFO Downloading mask: Slide 17 of 151 (TCGA-A2-A3XT)
2021-05-14 21:27:59,322 INFO Downloading RGB image: Slide 18 of 151 (TCGA-A2-A3XU)
2021-05-14 21:28:37,728 INFO Downloading mask: Slide 18 of 151 (TCGA-A2-A3XU)
2021-05-14 21:28:41,302 INFO Downloading RGB image: Slide 19 of 151 (TCGA-A2-A3XX)
2021-05-14 21:29:12,779 INFO Downloading mask: Slide 19 of 151 (TCGA-A2-A3XX)
2021-05-14 21:29:14,795 INFO Downloading RGB image: Slide 20 of 151 (TCGA-A2-A3XY)
2021-05-14 21:30:31,382 INFO Downloading mask: Slide 20 of 151 (TCGA-A2-A3XY)
2021-05-14 21:30:35,400 INFO Downloading RGB image: Slide 21 of 151 (TCGA-A7-A0CE)
2021-05-14 21:32:26,336 INFO Downloading mask: Slide 21 of 151 (TCGA-A7-A0CE)
2021-05-14 21:32:30,298 INFO Downloading RGB image: Slide 22 of 151 (TCGA-A7-A0DA)
2021-05-14 21:33:08,858 INFO Downloading mask: Slide 22 of 151 (TCGA-A7-A0DA)
2021-05-14 21:33:13,433 INFO Downloading RGB image: Slide 23 of 151 (TCGA-A7-A26F)
2021-05-14 21:33:38,171 INFO Downloading mask: Slide 23 of 151 (TCGA-A7-A26F)
2021-05-14 21:33:41,876 INFO Downloading RGB image: Slide 24 of 151 (TCGA-A7-A26G)
2021-05-14 21:33:46,931 INFO Downloading mask: Slide 24 of 151 (TCGA-A7-A26G)
2021-05-14 21:33:49,579 INFO Downloading RGB image: Slide 25 of 151 (TCGA-A7-A26I)
2021-05-14 21:33:57,327 INFO Downloading mask: Slide 25 of 151 (TCGA-A7-A26I)
2021-05-14 21:33:59,679 INFO Downloading RGB image: Slide 26 of 151 (TCGA-A7-A4SD)
2021-05-14 21:34:45,745 INFO Downloading mask: Slide 26 of 151 (TCGA-A7-A4SD)
2021-05-14 21:34:47,901 INFO Downloading RGB image: Slide 27 of 151 (TCGA-A7-A4SE)
2021-05-14 21:34:53,211 INFO Downloading mask: Slide 27 of 151 (TCGA-A7-A4SE)
2021-05-14 21:34:55,079 INFO Downloading RGB image: Slide 28 of 151 (TCGA-A7-A5ZV)
2021-05-14 21:35:32,143 INFO Downloading mask: Slide 28 of 151 (TCGA-A7-A5ZV)
2021-05-14 21:35:34,537 INFO Downloading RGB image: Slide 29 of 151 (TCGA-A7-A6VV)
2021-05-14 21:36:03,453 INFO Downloading mask: Slide 29 of 151 (TCGA-A7-A6VV)
2021-05-14 21:36:06,347 INFO Downloading RGB image: Slide 30 of 151 (TCGA-A7-A6VW)
2021-05-14 21:36:25,994 INFO Downloading mask: Slide 30 of 151 (TCGA-A7-A6VW)
2021-05-14 21:36:28,260 INFO Downloading RGB image: Slide 31 of 151 (TCGA-A7-A6VY)
2021-05-14 21:36:49,678 INFO Downloading mask: Slide 31 of 151 (TCGA-A7-A6VY)
2021-05-14 21:36:51,746 INFO Downloading RGB image: Slide 32 of 151 (TCGA-A8-A07C)
2021-05-14 21:37:09,178 INFO Downloading mask: Slide 32 of 151 (TCGA-A8-A07C)
2021-05-14 21:37:12,162 INFO Downloading RGB image: Slide 33 of 151 (TCGA-A8-A07O)
2021-05-14 21:37:54,660 INFO Downloading mask: Slide 33 of 151 (TCGA-A8-A07O)
2021-05-14 21:37:59,157 INFO Downloading RGB image: Slide 34 of 151 (TCGA-A8-A08R)
2021-05-14 21:38:35,650 INFO Downloading mask: Slide 34 of 151 (TCGA-A8-A08R)
2021-05-14 21:38:38,087 INFO Downloading RGB image: Slide 35 of 151 (TCGA-A8-A09X)
2021-05-14 21:38:51,480 INFO Downloading mask: Slide 35 of 151 (TCGA-A8-A09X)
2021-05-14 21:38:55,172 INFO Downloading RGB image: Slide 36 of 151 (TCGA-AC-A2BK)
2021-05-14 21:39:08,579 INFO Downloading mask: Slide 36 of 151 (TCGA-AC-A2BK)
2021-05-14 21:39:10,971 INFO Downloading RGB image: Slide 37 of 151 (TCGA-AC-A2QH)
2021-05-14 21:40:35,213 INFO Downloading mask: Slide 37 of 151 (TCGA-AC-A2QH)
2021-05-14 21:40:39,627 INFO Downloading RGB image: Slide 38 of 151 (TCGA-AC-A2QJ)
2021-05-14 21:41:39,460 INFO Downloading mask: Slide 38 of 151 (TCGA-AC-A2QJ)
2021-05-14 21:41:41,439 INFO Downloading RGB image: Slide 39 of 151 (TCGA-AC-A6IW)
2021-05-14 21:41:52,771 INFO Downloading mask: Slide 39 of 151 (TCGA-AC-A6IW)
2021-05-14 21:41:54,956 INFO Downloading RGB image: Slide 40 of 151 (TCGA-AC-A7VC)
2021-05-14 21:42:17,055 INFO Downloading mask: Slide 40 of 151 (TCGA-AC-A7VC)
2021-05-14 21:42:19,760 INFO Downloading RGB image: Slide 41 of 151 (TCGA-AN-A0AL)
2021-05-14 21:42:43,981 INFO Downloading mask: Slide 41 of 151 (TCGA-AN-A0AL)
2021-05-14 21:42:46,941 INFO Downloading RGB image: Slide 42 of 151 (TCGA-AN-A0AR)
2021-05-14 21:43:06,441 INFO Downloading mask: Slide 42 of 151 (TCGA-AN-A0AR)
2021-05-14 21:43:10,393 INFO Downloading RGB image: Slide 43 of 151 (TCGA-AN-A0AT)
2021-05-14 21:43:22,674 INFO Downloading mask: Slide 43 of 151 (TCGA-AN-A0AT)
2021-05-14 21:43:25,409 INFO Downloading RGB image: Slide 44 of 151 (TCGA-AN-A0G0)
2021-05-14 21:43:39,617 INFO Downloading mask: Slide 44 of 151 (TCGA-AN-A0G0)
2021-05-14 21:43:42,483 INFO Downloading RGB image: Slide 45 of 151 (TCGA-AN-A0XU)
2021-05-14 21:44:17,430 INFO Downloading mask: Slide 45 of 151 (TCGA-AN-A0XU)
2021-05-14 21:44:21,294 INFO Downloading RGB image: Slide 46 of 151 (TCGA-AO-A03U)
2021-05-14 21:44:53,282 INFO Downloading mask: Slide 46 of 151 (TCGA-AO-A03U)
2021-05-14 21:44:56,765 INFO Downloading RGB image: Slide 47 of 151 (TCGA-AO-A0J2)
2021-05-14 21:45:15,908 INFO Downloading mask: Slide 47 of 151 (TCGA-AO-A0J2)
2021-05-14 21:45:18,707 INFO Downloading RGB image: Slide 48 of 151 (TCGA-AO-A0J4)
2021-05-14 21:45:37,819 INFO Downloading mask: Slide 48 of 151 (TCGA-AO-A0J4)
2021-05-14 21:45:40,957 INFO Downloading RGB image: Slide 49 of 151 (TCGA-AO-A0J6)
2021-05-14 21:45:59,865 INFO Downloading mask: Slide 49 of 151 (TCGA-AO-A0J6)
2021-05-14 21:46:02,907 INFO Downloading RGB image: Slide 50 of 151 (TCGA-AO-A124)
2021-05-14 21:46:10,276 INFO Downloading mask: Slide 50 of 151 (TCGA-AO-A124)
2021-05-14 21:46:12,425 INFO Downloading RGB image: Slide 51 of 151 (TCGA-AO-A128)
2021-05-14 21:46:25,299 INFO Downloading mask: Slide 51 of 151 (TCGA-AO-A128)
2021-05-14 21:46:27,476 INFO Downloading RGB image: Slide 52 of 151 (TCGA-AO-A129)
2021-05-14 21:46:49,179 INFO Downloading mask: Slide 52 of 151 (TCGA-AO-A129)
2021-05-14 21:46:52,781 INFO Downloading RGB image: Slide 53 of 151 (TCGA-AO-A12F)
2021-05-14 21:47:03,604 INFO Downloading mask: Slide 53 of 151 (TCGA-AO-A12F)
2021-05-14 21:47:05,709 INFO Downloading RGB image: Slide 54 of 151 (TCGA-AO-A1KR)
2021-05-14 21:47:27,952 INFO Downloading mask: Slide 54 of 151 (TCGA-AO-A1KR)
2021-05-14 21:47:30,631 INFO Downloading RGB image: Slide 55 of 151 (TCGA-AQ-A04J)
2021-05-14 21:47:46,121 INFO Downloading mask: Slide 55 of 151 (TCGA-AQ-A04J)
2021-05-14 21:47:48,522 INFO Downloading RGB image: Slide 56 of 151 (TCGA-AQ-A54N)
2021-05-14 21:47:57,578 INFO Downloading mask: Slide 56 of 151 (TCGA-AQ-A54N)
2021-05-14 21:48:00,188 INFO Downloading RGB image: Slide 57 of 151 (TCGA-AR-A0TS)
2021-05-14 21:48:17,550 INFO Downloading mask: Slide 57 of 151 (TCGA-AR-A0TS)
2021-05-14 21:48:20,776 INFO Downloading RGB image: Slide 58 of 151 (TCGA-AR-A0TU)
2021-05-14 21:48:27,850 INFO Downloading mask: Slide 58 of 151 (TCGA-AR-A0TU)
2021-05-14 21:48:31,426 INFO Downloading RGB image: Slide 59 of 151 (TCGA-AR-A0U1)
2021-05-14 21:48:46,734 INFO Downloading mask: Slide 59 of 151 (TCGA-AR-A0U1)
2021-05-14 21:48:49,342 INFO Downloading RGB image: Slide 60 of 151 (TCGA-AR-A0U4)
2021-05-14 21:49:00,819 INFO Downloading mask: Slide 60 of 151 (TCGA-AR-A0U4)
2021-05-14 21:49:03,301 INFO Downloading RGB image: Slide 61 of 151 (TCGA-AR-A1AI)
2021-05-14 21:49:12,907 INFO Downloading mask: Slide 61 of 151 (TCGA-AR-A1AI)
2021-05-14 21:49:15,448 INFO Downloading RGB image: Slide 62 of 151 (TCGA-AR-A1AQ)
2021-05-14 21:49:22,224 INFO Downloading mask: Slide 62 of 151 (TCGA-AR-A1AQ)
2021-05-14 21:49:25,480 INFO Downloading RGB image: Slide 63 of 151 (TCGA-AR-A1AR)
2021-05-14 21:49:48,445 INFO Downloading mask: Slide 63 of 151 (TCGA-AR-A1AR)
2021-05-14 21:49:51,434 INFO Downloading RGB image: Slide 64 of 151 (TCGA-AR-A1AY)
2021-05-14 21:49:58,479 INFO Downloading mask: Slide 64 of 151 (TCGA-AR-A1AY)
2021-05-14 21:50:00,497 INFO Downloading RGB image: Slide 65 of 151 (TCGA-AR-A256)
2021-05-14 21:50:05,605 INFO Downloading mask: Slide 65 of 151 (TCGA-AR-A256)
2021-05-14 21:50:07,618 INFO Downloading RGB image: Slide 66 of 151 (TCGA-AR-A2LH)
2021-05-14 21:50:33,852 INFO Downloading mask: Slide 66 of 151 (TCGA-AR-A2LH)
2021-05-14 21:50:36,881 INFO Downloading RGB image: Slide 67 of 151 (TCGA-AR-A2LR)
2021-05-14 21:50:45,244 INFO Downloading mask: Slide 67 of 151 (TCGA-AR-A2LR)
2021-05-14 21:50:47,433 INFO Downloading RGB image: Slide 68 of 151 (TCGA-AR-A5QQ)
2021-05-14 21:51:02,488 INFO Downloading mask: Slide 68 of 151 (TCGA-AR-A5QQ)
2021-05-14 21:51:05,464 INFO Downloading RGB image: Slide 69 of 151 (TCGA-BH-A0AV)
2021-05-14 21:51:16,625 INFO Downloading mask: Slide 69 of 151 (TCGA-BH-A0AV)
2021-05-14 21:51:19,399 INFO Downloading RGB image: Slide 70 of 151 (TCGA-BH-A0B3)
2021-05-14 21:51:51,615 INFO Downloading mask: Slide 70 of 151 (TCGA-BH-A0B3)
2021-05-14 21:51:54,441 INFO Downloading RGB image: Slide 71 of 151 (TCGA-BH-A0B9)
2021-05-14 21:53:54,221 INFO Downloading mask: Slide 71 of 151 (TCGA-BH-A0B9)
2021-05-14 21:53:58,610 INFO Downloading RGB image: Slide 72 of 151 (TCGA-BH-A0BG)
2021-05-14 21:54:16,705 INFO Downloading mask: Slide 72 of 151 (TCGA-BH-A0BG)
2021-05-14 21:54:19,809 INFO Downloading RGB image: Slide 73 of 151 (TCGA-BH-A0BL)
2021-05-14 21:54:36,004 INFO Downloading mask: Slide 73 of 151 (TCGA-BH-A0BL)
2021-05-14 21:54:39,149 INFO Downloading RGB image: Slide 74 of 151 (TCGA-BH-A0BW)
2021-05-14 21:55:03,653 INFO Downloading mask: Slide 74 of 151 (TCGA-BH-A0BW)
2021-05-14 21:55:07,126 INFO Downloading RGB image: Slide 75 of 151 (TCGA-BH-A0E0)
2021-05-14 21:55:27,973 INFO Downloading mask: Slide 75 of 151 (TCGA-BH-A0E0)
2021-05-14 21:55:32,001 INFO Downloading RGB image: Slide 76 of 151 (TCGA-BH-A0E6)
2021-05-14 21:55:56,354 INFO Downloading mask: Slide 76 of 151 (TCGA-BH-A0E6)
2021-05-14 21:56:00,227 INFO Downloading RGB image: Slide 77 of 151 (TCGA-BH-A0RX)
2021-05-14 21:56:16,537 INFO Downloading mask: Slide 77 of 151 (TCGA-BH-A0RX)
2021-05-14 21:56:19,646 INFO Downloading RGB image: Slide 78 of 151 (TCGA-BH-A0WA)
2021-05-14 21:57:36,595 INFO Downloading mask: Slide 78 of 151 (TCGA-BH-A0WA)
2021-05-14 21:57:42,392 INFO Downloading RGB image: Slide 79 of 151 (TCGA-BH-A18G)
2021-05-14 21:57:54,864 INFO Downloading mask: Slide 79 of 151 (TCGA-BH-A18G)
2021-05-14 21:57:57,241 INFO Downloading RGB image: Slide 80 of 151 (TCGA-BH-A18V)
2021-05-14 21:58:27,907 INFO Downloading mask: Slide 80 of 151 (TCGA-BH-A18V)
2021-05-14 21:58:31,527 INFO Downloading RGB image: Slide 81 of 151 (TCGA-BH-A1EW)
2021-05-14 21:58:44,364 INFO Downloading mask: Slide 81 of 151 (TCGA-BH-A1EW)
2021-05-14 21:58:47,406 INFO Downloading RGB image: Slide 82 of 151 (TCGA-BH-A1F6)
2021-05-14 21:59:31,960 INFO Downloading mask: Slide 82 of 151 (TCGA-BH-A1F6)
2021-05-14 21:59:35,532 INFO Downloading RGB image: Slide 83 of 151 (TCGA-BH-A1FC)
2021-05-14 21:59:55,336 INFO Downloading mask: Slide 83 of 151 (TCGA-BH-A1FC)
2021-05-14 21:59:58,804 INFO Downloading RGB image: Slide 84 of 151 (TCGA-BH-A42U)
2021-05-14 22:00:02,423 INFO Downloading mask: Slide 84 of 151 (TCGA-BH-A42U)
2021-05-14 22:00:04,437 INFO Downloading RGB image: Slide 85 of 151 (TCGA-C8-A12V)
2021-05-14 22:00:27,522 INFO Downloading mask: Slide 85 of 151 (TCGA-C8-A12V)
2021-05-14 22:00:33,641 INFO Downloading RGB image: Slide 86 of 151 (TCGA-C8-A131)
2021-05-14 22:00:42,074 INFO Downloading mask: Slide 86 of 151 (TCGA-C8-A131)
2021-05-14 22:00:44,289 INFO Downloading RGB image: Slide 87 of 151 (TCGA-C8-A1HJ)
2021-05-14 22:00:57,451 INFO Downloading mask: Slide 87 of 151 (TCGA-C8-A1HJ)
2021-05-14 22:01:00,316 INFO Downloading RGB image: Slide 88 of 151 (TCGA-C8-A26X)
2021-05-14 22:01:44,339 INFO Downloading mask: Slide 88 of 151 (TCGA-C8-A26X)
2021-05-14 22:01:48,576 INFO Downloading RGB image: Slide 89 of 151 (TCGA-C8-A26Y)
2021-05-14 22:02:06,850 INFO Downloading mask: Slide 89 of 151 (TCGA-C8-A26Y)
2021-05-14 22:02:10,583 INFO Downloading RGB image: Slide 90 of 151 (TCGA-C8-A27B)
2021-05-14 22:02:34,400 INFO Downloading mask: Slide 90 of 151 (TCGA-C8-A27B)
2021-05-14 22:02:37,850 INFO Downloading RGB image: Slide 91 of 151 (TCGA-C8-A3M7)
2021-05-14 22:02:58,118 INFO Downloading mask: Slide 91 of 151 (TCGA-C8-A3M7)
2021-05-14 22:03:01,367 INFO Downloading RGB image: Slide 92 of 151 (TCGA-D8-A13Z)
2021-05-14 22:03:27,570 INFO Downloading mask: Slide 92 of 151 (TCGA-D8-A13Z)
2021-05-14 22:03:31,655 INFO Downloading RGB image: Slide 93 of 151 (TCGA-D8-A142)
2021-05-14 22:07:02,348 INFO Downloading mask: Slide 93 of 151 (TCGA-D8-A142)
2021-05-14 22:07:09,763 INFO Downloading RGB image: Slide 94 of 151 (TCGA-D8-A143)
2021-05-14 22:07:55,812 INFO Downloading mask: Slide 94 of 151 (TCGA-D8-A143)
2021-05-14 22:08:00,225 INFO Downloading RGB image: Slide 95 of 151 (TCGA-D8-A147)
2021-05-14 22:08:05,591 INFO Downloading mask: Slide 95 of 151 (TCGA-D8-A147)
2021-05-14 22:08:07,858 INFO Downloading RGB image: Slide 96 of 151 (TCGA-D8-A1JF)
2021-05-14 22:08:21,289 INFO Downloading mask: Slide 96 of 151 (TCGA-D8-A1JF)
2021-05-14 22:08:24,460 INFO Downloading RGB image: Slide 97 of 151 (TCGA-D8-A1JG)
2021-05-14 22:08:56,388 INFO Downloading mask: Slide 97 of 151 (TCGA-D8-A1JG)
2021-05-14 22:09:00,760 INFO Downloading RGB image: Slide 98 of 151 (TCGA-D8-A1JL)
2021-05-14 22:10:01,396 INFO Downloading mask: Slide 98 of 151 (TCGA-D8-A1JL)
2021-05-14 22:10:07,279 INFO Downloading RGB image: Slide 99 of 151 (TCGA-D8-A1XK)
2021-05-14 22:10:18,249 INFO Downloading mask: Slide 99 of 151 (TCGA-D8-A1XK)
2021-05-14 22:10:20,560 INFO Downloading RGB image: Slide 100 of 151 (TCGA-D8-A1XQ)
2021-05-14 22:11:07,361 INFO Downloading mask: Slide 100 of 151 (TCGA-D8-A1XQ)
2021-05-14 22:11:11,519 INFO Downloading RGB image: Slide 101 of 151 (TCGA-D8-A27F)
2021-05-14 22:11:30,610 INFO Downloading mask: Slide 101 of 151 (TCGA-D8-A27F)
2021-05-14 22:11:34,624 INFO Downloading RGB image: Slide 102 of 151 (TCGA-D8-A27H)
2021-05-14 22:11:47,662 INFO Downloading mask: Slide 102 of 151 (TCGA-D8-A27H)
2021-05-14 22:11:50,684 INFO Downloading RGB image: Slide 103 of 151 (TCGA-D8-A27M)
2021-05-14 22:12:08,993 INFO Downloading mask: Slide 103 of 151 (TCGA-D8-A27M)
2021-05-14 22:12:12,482 INFO Downloading RGB image: Slide 104 of 151 (TCGA-E2-A14N)
2021-05-14 22:12:35,331 INFO Downloading mask: Slide 104 of 151 (TCGA-E2-A14N)
2021-05-14 22:12:39,067 INFO Downloading RGB image: Slide 105 of 151 (TCGA-E2-A14R)
2021-05-14 22:12:54,120 INFO Downloading mask: Slide 105 of 151 (TCGA-E2-A14R)
2021-05-14 22:12:56,305 INFO Downloading RGB image: Slide 106 of 151 (TCGA-E2-A14X)
2021-05-14 22:13:13,502 INFO Downloading mask: Slide 106 of 151 (TCGA-E2-A14X)
2021-05-14 22:13:17,916 INFO Downloading RGB image: Slide 107 of 151 (TCGA-E2-A150)
2021-05-14 22:13:29,919 INFO Downloading mask: Slide 107 of 151 (TCGA-E2-A150)
2021-05-14 22:13:33,171 INFO Downloading RGB image: Slide 108 of 151 (TCGA-E2-A158)
2021-05-14 22:13:38,819 INFO Downloading mask: Slide 108 of 151 (TCGA-E2-A158)
2021-05-14 22:13:41,374 INFO Downloading RGB image: Slide 109 of 151 (TCGA-E2-A159)
2021-05-14 22:14:06,493 INFO Downloading mask: Slide 109 of 151 (TCGA-E2-A159)
2021-05-14 22:14:10,248 INFO Downloading RGB image: Slide 110 of 151 (TCGA-E2-A1AZ)
2021-05-14 22:14:21,840 INFO Downloading mask: Slide 110 of 151 (TCGA-E2-A1AZ)
2021-05-14 22:14:24,228 INFO Downloading RGB image: Slide 111 of 151 (TCGA-E2-A1B6)
2021-05-14 22:14:57,842 INFO Downloading mask: Slide 111 of 151 (TCGA-E2-A1B6)
2021-05-14 22:15:02,477 INFO Downloading RGB image: Slide 112 of 151 (TCGA-E2-A1L7)
2021-05-14 22:15:26,976 INFO Downloading mask: Slide 112 of 151 (TCGA-E2-A1L7)
2021-05-14 22:15:31,000 INFO Downloading RGB image: Slide 113 of 151 (TCGA-E2-A1LH)
2021-05-14 22:15:43,244 INFO Downloading mask: Slide 113 of 151 (TCGA-E2-A1LH)
2021-05-14 22:15:46,423 INFO Downloading RGB image: Slide 114 of 151 (TCGA-E2-A1LI)
2021-05-14 22:16:16,185 INFO Downloading mask: Slide 114 of 151 (TCGA-E2-A1LI)
2021-05-14 22:16:20,481 INFO Downloading RGB image: Slide 115 of 151 (TCGA-E2-A1LK)
2021-05-14 22:16:46,544 INFO Downloading mask: Slide 115 of 151 (TCGA-E2-A1LK)
2021-05-14 22:16:49,927 INFO Downloading RGB image: Slide 116 of 151 (TCGA-E2-A1LL)
2021-05-14 22:17:00,376 INFO Downloading mask: Slide 116 of 151 (TCGA-E2-A1LL)
2021-05-14 22:17:03,735 INFO Downloading RGB image: Slide 117 of 151 (TCGA-E2-A1LS)
2021-05-14 22:17:20,574 INFO Downloading mask: Slide 117 of 151 (TCGA-E2-A1LS)
2021-05-14 22:17:22,714 INFO Downloading RGB image: Slide 118 of 151 (TCGA-E2-A573)
2021-05-14 22:17:33,943 INFO Downloading mask: Slide 118 of 151 (TCGA-E2-A573)
2021-05-14 22:17:36,520 INFO Downloading RGB image: Slide 119 of 151 (TCGA-E2-A574)
2021-05-14 22:18:00,833 INFO Downloading mask: Slide 119 of 151 (TCGA-E2-A574)
2021-05-14 22:18:04,049 INFO Downloading RGB image: Slide 120 of 151 (TCGA-E9-A5FL)
2021-05-14 22:18:35,951 INFO Downloading mask: Slide 120 of 151 (TCGA-E9-A5FL)
2021-05-14 22:18:40,032 INFO Downloading RGB image: Slide 121 of 151 (TCGA-EW-A1OV)
2021-05-14 22:19:25,367 INFO Downloading mask: Slide 121 of 151 (TCGA-EW-A1OV)
2021-05-14 22:19:32,618 INFO Downloading RGB image: Slide 122 of 151 (TCGA-EW-A1OW)
2021-05-14 22:20:17,476 INFO Downloading mask: Slide 122 of 151 (TCGA-EW-A1OW)
2021-05-14 22:20:22,304 INFO Downloading RGB image: Slide 123 of 151 (TCGA-EW-A1P1)
2021-05-14 22:20:36,340 INFO Downloading mask: Slide 123 of 151 (TCGA-EW-A1P1)
2021-05-14 22:20:39,421 INFO Downloading RGB image: Slide 124 of 151 (TCGA-EW-A1P4)
2021-05-14 22:20:54,579 INFO Downloading mask: Slide 124 of 151 (TCGA-EW-A1P4)
2021-05-14 22:20:57,683 INFO Downloading RGB image: Slide 125 of 151 (TCGA-EW-A1P7)
2021-05-14 22:21:09,531 INFO Downloading mask: Slide 125 of 151 (TCGA-EW-A1P7)
2021-05-14 22:21:12,098 INFO Downloading RGB image: Slide 126 of 151 (TCGA-EW-A1P8)
2021-05-14 22:21:24,403 INFO Downloading mask: Slide 126 of 151 (TCGA-EW-A1P8)
2021-05-14 22:21:27,475 INFO Downloading RGB image: Slide 127 of 151 (TCGA-EW-A1PB)
2021-05-14 22:21:40,987 INFO Downloading mask: Slide 127 of 151 (TCGA-EW-A1PB)
2021-05-14 22:21:44,249 INFO Downloading RGB image: Slide 128 of 151 (TCGA-EW-A1PH)
2021-05-14 22:22:15,697 INFO Downloading mask: Slide 128 of 151 (TCGA-EW-A1PH)
2021-05-14 22:22:19,755 INFO Downloading RGB image: Slide 129 of 151 (TCGA-EW-A3U0)
2021-05-14 22:22:24,652 INFO Downloading mask: Slide 129 of 151 (TCGA-EW-A3U0)
2021-05-14 22:22:26,788 INFO Downloading RGB image: Slide 130 of 151 (TCGA-EW-A6SB)
2021-05-14 22:22:50,929 INFO Downloading mask: Slide 130 of 151 (TCGA-EW-A6SB)
2021-05-14 22:22:54,686 INFO Downloading RGB image: Slide 131 of 151 (TCGA-GI-A2C9)
2021-05-14 22:23:03,567 INFO Downloading mask: Slide 131 of 151 (TCGA-GI-A2C9)
2021-05-14 22:23:05,840 INFO Downloading RGB image: Slide 132 of 151 (TCGA-GM-A2DB)
2021-05-14 22:23:50,425 INFO Downloading mask: Slide 132 of 151 (TCGA-GM-A2DB)
2021-05-14 22:23:55,858 INFO Downloading RGB image: Slide 133 of 151 (TCGA-GM-A2DD)
2021-05-14 22:24:19,173 INFO Downloading mask: Slide 133 of 151 (TCGA-GM-A2DD)
2021-05-14 22:24:22,764 INFO Downloading RGB image: Slide 134 of 151 (TCGA-GM-A2DF)
2021-05-14 22:24:43,660 INFO Downloading mask: Slide 134 of 151 (TCGA-GM-A2DF)
2021-05-14 22:24:47,236 INFO Downloading RGB image: Slide 135 of 151 (TCGA-GM-A2DH)
2021-05-14 22:25:03,071 INFO Downloading mask: Slide 135 of 151 (TCGA-GM-A2DH)
2021-05-14 22:25:06,201 INFO Downloading RGB image: Slide 136 of 151 (TCGA-GM-A2DI)
2021-05-14 22:25:09,484 INFO Downloading mask: Slide 136 of 151 (TCGA-GM-A2DI)
2021-05-14 22:25:11,479 INFO Downloading RGB image: Slide 137 of 151 (TCGA-GM-A3XL)
2021-05-14 22:25:37,537 INFO Downloading mask: Slide 137 of 151 (TCGA-GM-A3XL)
2021-05-14 22:25:40,983 INFO Downloading RGB image: Slide 138 of 151 (TCGA-HN-A2NL)
2021-05-14 22:25:45,062 INFO Downloading mask: Slide 138 of 151 (TCGA-HN-A2NL)
2021-05-14 22:25:46,879 INFO Downloading RGB image: Slide 139 of 151 (TCGA-LL-A441)
2021-05-14 22:26:00,966 INFO Downloading mask: Slide 139 of 151 (TCGA-LL-A441)
2021-05-14 22:26:03,548 INFO Downloading RGB image: Slide 140 of 151 (TCGA-LL-A5YO)
2021-05-14 22:26:09,652 INFO Downloading mask: Slide 140 of 151 (TCGA-LL-A5YO)
2021-05-14 22:26:12,099 INFO Downloading RGB image: Slide 141 of 151 (TCGA-LL-A73Y)
2021-05-14 22:26:15,973 INFO Downloading mask: Slide 141 of 151 (TCGA-LL-A73Y)
2021-05-14 22:26:18,038 INFO Downloading RGB image: Slide 142 of 151 (TCGA-LL-A740)
2021-05-14 22:26:28,428 INFO Downloading mask: Slide 142 of 151 (TCGA-LL-A740)
2021-05-14 22:26:30,760 INFO Downloading RGB image: Slide 143 of 151 (TCGA-OL-A5D6)
2021-05-14 22:26:37,390 INFO Downloading mask: Slide 143 of 151 (TCGA-OL-A5D6)
2021-05-14 22:26:39,584 INFO Downloading RGB image: Slide 144 of 151 (TCGA-OL-A5D7)
2021-05-14 22:27:10,141 INFO Downloading mask: Slide 144 of 151 (TCGA-OL-A5D7)
2021-05-14 22:27:14,171 INFO Downloading RGB image: Slide 145 of 151 (TCGA-OL-A5RW)
2021-05-14 22:27:16,831 INFO Downloading mask: Slide 145 of 151 (TCGA-OL-A5RW)
2021-05-14 22:27:18,872 INFO Downloading RGB image: Slide 146 of 151 (TCGA-OL-A66I)
2021-05-14 22:27:28,679 INFO Downloading mask: Slide 146 of 151 (TCGA-OL-A66I)
2021-05-14 22:27:31,699 INFO Downloading RGB image: Slide 147 of 151 (TCGA-OL-A66P)
2021-05-14 22:28:00,179 INFO Downloading mask: Slide 147 of 151 (TCGA-OL-A66P)
2021-05-14 22:28:04,786 INFO Downloading RGB image: Slide 148 of 151 (TCGA-OL-A6VO)
2021-05-14 22:28:15,401 INFO Downloading mask: Slide 148 of 151 (TCGA-OL-A6VO)
2021-05-14 22:28:18,402 INFO Downloading RGB image: Slide 149 of 151 (TCGA-OL-A97C)
2021-05-14 22:28:43,160 INFO Downloading mask: Slide 149 of 151 (TCGA-OL-A97C)
2021-05-14 22:28:46,256 INFO Downloading RGB image: Slide 150 of 151 (TCGA-S3-AA10)
2021-05-14 22:28:57,253 INFO Downloading mask: Slide 150 of 151 (TCGA-S3-AA10)
2021-05-14 22:29:00,013 INFO Downloading RGB image: Slide 151 of 151 (TCGA-S3-AA15)
2021-05-14 22:29:05,115 INFO Downloading mask: Slide 151 of 151 (TCGA-S3-AA15)
2021-05-14 22:29:07,247 INFO DONE.
